"../../../../../../Projects/rites/Content/Blueprints/BP_ProjectileGem.uasset" 0
"../../../../../../Projects/rites/Content/MaterialFunctions/MF_Test.uasset" 1
"../../../../../../Projects/rites/Content/SkeletalMeshes/Fighter/S_Fighter_Skeleton.uasset" 2
"../../../../../../Projects/rites/Content/SkeletalMeshes/Fighter/AS_Fighter_Recharge.uasset" 3
"../../../../../../Projects/rites/Content/SkeletalMeshes/Fighter/PA_Fighter_PhysicsAsset.uasset" 4
"../../../../../../Projects/rites/Content/SkeletalMeshes/Fighter/SK_FighterCombined.uasset" 5
"../../../Engine/Content/Functions/Engine_MaterialFunctions01/Opacity/CameraDepthFade.uasset" 6
"../../../Engine/Content/EngineMaterials/T_Default_Material_Grid_M.uasset" 7
"../../../Engine/Content/EngineMaterials/T_Default_Material_Grid_N.uasset" 8
"../../../Engine/Content/EngineMaterials/WorldGridMaterial.uasset" 9
"../../../../../../Projects/rites/Content/StaticMeshes/Buildings/SquareBuilding1/SQB1_WallOneDoor.uasset" 10
"../../../../../../Projects/rites/Content/StaticMeshes/Exterior/Streetlight3/Streetlight3.uasset" 11
"../../../../../../Projects/rites/Content/StaticMeshes/Interior/PottedPlant1/PottedPlant1.uasset" 12
"../../../../../../Projects/rites/Content/StaticMeshes/Terrain/PalmTree1/SM_PalmTree1.uasset" 13
"../../../../../../Projects/rites/Content/Textures/UI/ItemHolderBorder.uasset" 14
"../../../Engine/Content/EngineMaterials/DefaultMaterial.uasset" 15
"../../../Engine/Content/BasicShapes/Cone.uasset" 16
"../../../Engine/Content/BasicShapes/Plane.uasset" 17
"../../../Engine/Content/EditorLandscapeResources/DataLayer.uasset" 18
"../../../Engine/Content/EditorMaterials/GizmoMaterial.uasset" 19
"../../../Engine/Content/EditorMaterials/MAT_Groups_Toggle.uasset" 20
"../../../Engine/Content/EditorMaterials/MAT_Groups_Visibility.uasset" 21
"../../../Engine/Content/EditorMaterials/PreviewShadowIndicator.uasset" 22
"../../../Engine/Content/EditorMaterials/PreviewShadowIndicatorMaterial.uasset" 23
"../../../Engine/Content/EditorMaterials/MatineeGroups/MAT_ColorTrack.uasset" 24
"../../../Engine/Content/EditorMaterials/MatineeGroups/MAT_Groups_Anim.uasset" 25
"../../../Engine/Content/EditorMaterials/MatineeGroups/MAT_Groups_AudioMaster.uasset" 26
"../../../Engine/Content/EditorMaterials/MatineeGroups/MAT_Groups_Director.uasset" 27
"../../../Engine/Content/EditorMaterials/MatineeGroups/MAT_Groups_Event.uasset" 28
"../../../Engine/Content/EditorMaterials/MatineeGroups/MAT_Groups_Fade.uasset" 29
"../../../Engine/Content/EditorMaterials/MatineeGroups/MAT_Groups_Float.uasset" 30
"../../../Engine/Content/EditorMaterials/MatineeGroups/MAT_Groups_Move.uasset" 31
"../../../Engine/Content/EditorMaterials/MatineeGroups/MAT_Groups_Slomo.uasset" 32
"../../../Engine/Content/EditorMaterials/MatineeGroups/MAT_Groups_Sound.uasset" 33
"../../../Engine/Content/EditorMaterials/MatineeGroups/MAT_Groups_Vector.uasset" 34
"../../../Engine/Content/EditorMaterials/ParticleSystems/PSysThumbnail_NoImage.uasset" 35
"../../../Engine/Content/EditorMaterials/ParticleSystems/PSysThumbnail_OOD.uasset" 36
"../../../Engine/Content/EditorMaterials/Camera/CineMat.uasset" 37
"../../../Engine/Content/EditorMaterials/Camera/MI_CineMat_Rig.uasset" 38
"../../../Engine/Content/EditorMeshes/Camera/SM_CraneRig_Arm.uasset" 39
"../../../Engine/Content/EditorMeshes/Camera/SM_CraneRig_Base.uasset" 40
"../../../Engine/Content/EditorMeshes/Camera/SM_CraneRig_Body.uasset" 41
"../../../Engine/Content/EditorMeshes/Camera/SM_CraneRig_Mount.uasset" 42
"../../../Engine/Content/EditorMeshes/Camera/SM_RailRig_Mount.uasset" 43
"../../../Engine/Content/EditorMeshes/Camera/SM_RailRig_Track.uasset" 44
"../../../Engine/Content/EditorMeshes/ColorCalibrator/M_ChromeBall.uasset" 45
"../../../Engine/Content/EditorMeshes/ColorCalibrator/M_ClearCoat.uasset" 46
"../../../Engine/Content/EditorMeshes/ColorCalibrator/M_ClearCoatBlack.uasset" 47
"../../../Engine/Content/EditorMeshes/ColorCalibrator/Color_checker.uasset" 48
"../../../Engine/Content/EditorMeshes/ColorCalibrator/M_ColorGrid.uasset" 49
"../../../Engine/Content/EditorMeshes/ColorCalibrator/M_GreyBall.uasset" 50
"../../../Engine/Content/EditorMeshes/ColorCalibrator/SM_ColorCalibrator.uasset" 51
"../../../Engine/Content/EditorResources/BSPVertex.uasset" 52
"../../../Engine/Content/EditorResources/EmptyActor.uasset" 53
"../../../Engine/Content/EditorResources/S_Actor.uasset" 54
"../../../Engine/Content/EditorResources/S_Trigger.uasset" 55
"../../../Engine/Content/EditorResources/LightIcons/S_LightError.uasset" 56
"../../../Engine/Content/EditorResources/SequenceRecorder/Countdown.uasset" 57
"../../../Engine/Content/EditorResources/SequenceRecorder/RecordingIndicator.uasset" 58
"../../../Engine/Content/EditorSounds/Notifications/CompileFailed.uasset" 59
"../../../Engine/Content/EditorSounds/Notifications/CompileFailed_Cue.uasset" 60
"../../../Engine/Content/EditorSounds/Notifications/CompileSuccess.uasset" 61
"../../../Engine/Content/EditorSounds/Notifications/CompileStart_Cue.uasset" 62
"../../../Engine/Content/EditorSounds/Notifications/CompileSuccess_Cue.uasset" 63
"../../../Engine/Content/EngineDamageTypes/DmgTypeBP_Environmental.uasset" 64
"../../../Engine/Content/EngineDebugMaterials/HeatmapGradient.uasset" 65
"../../../Engine/Content/EngineDebugMaterials/BoneWeightMaterial.uasset" 66
"../../../Engine/Content/EngineDebugMaterials/ClothMaterial.uasset" 67
"../../../Engine/Content/EngineDebugMaterials/ClothMaterial_WF.uasset" 68
"../../../Engine/Content/EngineDebugMaterials/DebugEditorMaterial.uasset" 69
"../../../Engine/Content/EngineDebugMaterials/DebugMeshMaterial.uasset" 70
"../../../Engine/Content/EngineDebugMaterials/GeomMaterial.uasset" 71
"../../../Engine/Content/EngineFonts/Faces/RobotoBold.uasset" 72
"../../../Engine/Content/EngineFonts/Faces/RobotoBoldItalic.uasset" 73
"../../../Engine/Content/EngineFonts/Faces/RobotoItalic.uasset" 74
"../../../Engine/Content/EngineFonts/Faces/RobotoLight.uasset" 75
"../../../Engine/Content/EngineFonts/Faces/RobotoRegular.uasset" 76
"../../../Engine/Content/EngineFonts/Roboto.uasset" 77
"../../../Engine/Content/EngineFonts/Faces/RobotoTiny.uasset" 78
"../../../Engine/Content/EngineFonts/RobotoTiny.uasset" 79
"../../../Engine/Content/EngineMaterials/DefaultBloomKernel.uasset" 80
"../../../Engine/Content/EngineMaterials/DefaultBokeh.uasset" 81
"../../../Engine/Content/EngineMaterials/DefaultDiffuse.uasset" 82
"../../../Engine/Content/EngineMaterials/DefaultDeferredDecalMaterial.uasset" 83
"../../../Engine/Content/EngineMaterials/DefaultLightFunctionMaterial.uasset" 84
"../../../Engine/Content/EngineMaterials/DefaultPhysicalMaterial.uasset" 85
"../../../Engine/Content/Functions/Engine_MaterialFunctions02/Utility/BreakOutFloat2Components.uasset" 86
"../../../Engine/Content/EngineMaterials/DefaultPostProcessMaterial.uasset" 87
"../../../Engine/Content/EngineFonts/RobotoDistanceField.uasset" 88
"../../../Engine/Content/EngineMaterials/DefaultTextMaterialOpaque.uasset" 89
"../../../Engine/Content/EngineMaterials/DefaultWhiteGrid.uasset" 90
"../../../Engine/Content/EngineMaterials/EditorBrushMaterial.uasset" 91
"../../../Engine/Content/EngineMaterials/Good64x64TilingNoiseHighFreq.uasset" 92
"../../../Engine/Content/EngineMaterials/MiniFont.uasset" 93
"../../../Engine/Content/EngineMaterials/InvalidLightmapSettings.uasset" 94
"../../../Engine/Content/EngineMaterials/M_InvalidLightmapSettings.uasset" 95
"../../../Engine/Content/Functions/Engine_MaterialFunctions02/WorldPositionOffset/CameraOffset.uasset" 96
"../../../Engine/Content/EngineMaterials/PhAT_JointLimitMaterial.uasset" 97
"../../../Engine/Content/EngineMaterials/PreintegratedSkinBRDF.uasset" 98
"../../../Engine/Content/EngineMaterials/RemoveSurfaceMaterial.uasset" 99
"../../../Engine/Content/EngineMaterials/WeightMapPlaceholderTexture.uasset" 100
"../../../Engine/Content/EngineResources/WhiteSquareTexture.uasset" 101
"../../../Engine/Content/EngineMaterials/Widget3DPassThrough.uasset" 102
"../../../Engine/Content/EngineMaterials/Widget3DPassThrough_Masked.uasset" 103
"../../../Engine/Content/EngineMaterials/Widget3DPassThrough_Opaque.uasset" 104
"../../../Engine/Content/EngineMaterials/Widget3DPassThrough_Masked_OneSided.uasset" 105
"../../../Engine/Content/EngineMaterials/Widget3DPassThrough_Opaque_OneSided.uasset" 106
"../../../Engine/Content/EngineMaterials/Widget3DPassThrough_Translucent.uasset" 107
"../../../Engine/Content/EngineMaterials/Widget3DPassThrough_Translucent_OneSided.uasset" 108
"../../../Engine/Content/EngineMeshes/Cube.uasset" 109
"../../../Engine/Content/EngineMeshes/Cylinder.uasset" 110
"../../../Engine/Content/EngineMeshes/Sphere.uasset" 111
"../../../Engine/Content/EngineResources/Black.uasset" 112
"../../../Engine/Content/EngineResources/DefaultTexture.uasset" 113
"../../../Engine/Content/EngineResources/DefaultTextureCube.uasset" 114
"../../../Engine/Content/EngineResources/GradientTexture0.uasset" 115
"../../../Engine/Content/EngineSounds/Master.uasset" 116
"../../../Engine/Content/Functions/Engine_MaterialFunctions01/Shading/ConvertFromDiffSpec.uasset" 117
"../../../Engine/Content/Functions/Engine_MaterialFunctions01/Shading/PowerToRoughness.uasset" 118
"../../../Engine/Content/Maps/Templates/Thumbnails/Default.uasset" 119
"../../../Engine/Content/Maps/Templates/Thumbnails/VR-Basic.uasset" 120
"../../../Engine/Content/MobileResources/T_MobileControls_texture.uasset" 121
"../../../Engine/Content/MobileResources/T_MobileMenu2.uasset" 122
"../../../Engine/Content/MobileResources/HUD/AnalogHat.uasset" 123
"../../../Engine/Content/MobileResources/HUD/VirtualJoystick_Background.uasset" 124
"../../../Engine/Content/MobileResources/HUD/VirtualJoystick_Thumb.uasset" 125
"../../../Engine/Content/MobileResources/HUD/DefaultVirtualJoysticks.uasset" 126
"../../../Engine/Content/MobileResources/HUD/LeftVirtualJoystickOnly.uasset" 127
"../../../Engine/Content/MobileResources/HUD/MobileHUDButton1_off.uasset" 128
"../../../Engine/Content/MobileResources/HUD/MobileHUDButton1_on.uasset" 129
"../../../Engine/Content/MobileResources/HUD/MobileHUDButton2_off.uasset" 130
"../../../Engine/Content/MobileResources/HUD/MobileHUDButton2_on.uasset" 131
"../../../Engine/Content/MobileResources/HUD/MobileHUDButton3.uasset" 132
"../../../Engine/Content/MobileResources/HUD/MobileHUDButtonFire.uasset" 133
"../../../Engine/Content/MobileResources/HUD/MobileHUDDirectionPad.uasset" 134
"../../../Engine/Content/MobileResources/HUD/MobileHUDDirectionPad2.uasset" 135
"../../../Engine/Content/MobileResources/HUD/MobileHUDDirectionPad3.uasset" 136
"../../../Engine/Content/MobileResources/HUD/MobileHUDDirectionStick.uasset" 137
"../../../Engine/Content/MobileResources/HUD/T_Castle_ThumbstickInner.uasset" 138
"../../../Engine/Content/MobileResources/HUD/T_Castle_ThumbstickOutter.uasset" 139
"../../../Engine/Content/Tutorial/ContentIntroCurve.uasset" 140
"../../../Engine/Content/Tutorial/Basics/TutorialAssets/icon_tab_Levels_40x.uasset" 141
"../../../Engine/Content/Tutorial/BlueprintTutorials/TutorialAssets/BlueprintInterface_64x.uasset" 142
"../../../Engine/Content/Tutorial/BlueprintTutorials/TutorialAssets/BlueprintMacroLibrary_64x.uasset" 143
"../../../Engine/Content/Tutorial/BlueprintTutorials/TutorialAssets/Blueprint_64x.uasset" 144
"../../../Engine/Content/Tutorial/BlueprintTutorials/TutorialAssets/Tutorial_BP_Interface.uasset" 145
"../../../Engine/Content/Tutorial/Foliage/TutorialAssets/Foliage.uasset" 146
"../../../Engine/Content/Tutorial/Landscape/TutorialAssets/Landscape.uasset" 147
"../../../Engine/Content/Tutorial/Paper2D/TutorialAssets/Paper2DFlipbook_TutorialIcon.uasset" 148
"../../../Engine/Content/Tutorial/Paper2D/TutorialAssets/Paper2DSprite_TutorialIcon.uasset" 149
"../../../Engine/Content/Tutorial/SubEditors/TutorialAssets/icon_Editor_Preferences_General_40x.uasset" 150
"../../../Engine/Content/Tutorial/SubEditors/TutorialAssets/icon_ShowSkeletalMeshes_40x.uasset" 151
"../../../Engine/Content/Tutorial/SubEditors/TutorialAssets/TutorialMaterial.uasset" 152
"../../../Engine/Content/Tutorial/SubEditors/TutorialAssets/T_SmokeSubUV_8X8.uasset" 153
"../../../Engine/Content/Tutorial/SubEditors/TutorialAssets/T_soft_smoke.uasset" 154
"../../../Engine/Content/Tutorial/SubEditors/TutorialAssets/M_smoke_subUV_blackbody.uasset" 155
"../../../Engine/Content/Tutorial/SubEditors/TutorialAssets/TutorialParticleSystem.uasset" 156
"../../../Engine/Content/VREditor/Devices/Generic/GenericHMDMaterial.uasset" 157
"../../../Engine/Content/VREditor/Devices/Generic/GenericHMD.uasset" 158
"../../../Engine/Content/Functions/Engine_MaterialFunctions02/Utility/BreakOutFloat3Components.uasset" 159
"../../../Engine/Content/VREditor/Devices/Vive/VivePreController_MasksB.uasset" 160
"../../../Engine/Content/VREditor/Devices/Oculus/OculusControllerMaterial.uasset" 161
"../../../Engine/Content/VREditor/Devices/Oculus/OculusControllerMaterial_Inst.uasset" 162
"../../../Engine/Content/VREditor/Devices/Oculus/OculusControllerMesh.uasset" 163
"../../../Engine/Content/VREditor/Devices/Vive/T_VivePreController_EM.uasset" 164
"../../../Engine/Content/VREditor/Devices/Vive/VivePreController_MasksA.uasset" 165
"../../../Engine/Content/VREditor/Devices/Vive/VivePreControllerDiffuse.uasset" 166
"../../../Engine/Content/VREditor/Devices/Vive/VivePreControllerSpec.uasset" 167
"../../../Engine/Content/VREditor/LaserPointer/VR_LaserPower_01.uasset" 168
"../../../Engine/Content/VREditor/Devices/Vive/VivePreControllerMaterial.uasset" 169
"../../../Engine/Content/VREditor/Devices/Vive/VivePreControllerMaterial_Inst.uasset" 170
"../../../Engine/Content/VREditor/Devices/Vive/VivePreControllerMesh.uasset" 171
"../../../Engine/Content/VREditor/FloatingText/LineMaterial.uasset" 172
"../../../Engine/Content/VREditor/FloatingText/JointSphere.uasset" 173
"../../../Engine/Content/VREditor/FloatingText/LineSegmentCylinder.uasset" 174
"../../../Engine/Content/VREditor/Fonts/VRText_RobotoLarge.uasset" 175
"../../../Engine/Content/VREditor/Fonts/VRTextMaterial.uasset" 176
"../../../Engine/Content/VREditor/Fonts/TranslucentVRTextMaterial.uasset" 177
"../../../Engine/Content/VREditor/LaserPointer/CursorPointer.uasset" 178
"../../../Engine/Content/VREditor/TransformGizmo/TransformGizmoMaterial.uasset" 179
"../../../Engine/Content/VREditor/LaserPointer/HoverMaterial.uasset" 180
"../../../Engine/Content/VREditor/TransformGizmo/TranslucentTransformGizmoMaterial.uasset" 181
"../../../Engine/Content/VREditor/LaserPointer/TranslucentHoverMaterial.uasset" 182
"../../../Engine/Content/VREditor/LaserPointer/HoverMesh.uasset" 183
"../../../Engine/Content/VREditor/LaserPointer/LaserPointerMaterial.uasset" 184
"../../../Engine/Content/VREditor/LaserPointer/LaserPointerMaterialInst.uasset" 185
"../../../Engine/Content/VREditor/LaserPointer/TranslucentLaserPointerMaterialInst.uasset" 186
"../../../Engine/Content/VREditor/LaserPointer/LaserPointerMesh.uasset" 187
"../../../Engine/Content/VREditor/LaserPointer/LaserPointerMesh_End.uasset" 188
"../../../Engine/Content/VREditor/LaserPointer/LaserPointerMesh_Start.uasset" 189
"../../../Engine/Content/VREditor/Sounds/VR_teleport.uasset" 190
"../../../Engine/Content/VREditor/Sounds/UI/Click_on_Button.uasset" 191
"../../../Engine/Content/VREditor/Sounds/UI/Click_on_Button_Cue.uasset" 192
"../../../Engine/Content/VREditor/Sounds/UI/Dockable_Window_Close.uasset" 193
"../../../Engine/Content/VREditor/Sounds/UI/Dockable_Window_Drop.uasset" 194
"../../../Engine/Content/VREditor/Sounds/UI/Dockable_Window_Open.uasset" 195
"../../../Engine/Content/VREditor/Sounds/UI/Dockable_Window_Pick_Up.uasset" 196
"../../../Engine/Content/VREditor/Sounds/UI/Drop_Item_From_ContentBrowser.uasset" 197
"../../../Engine/Content/VREditor/Sounds/UI/Floating_UI_Open-001.uasset" 198
"../../../Engine/Content/VREditor/Sounds/UI/Radial_Menu_FadeOut.uasset" 199
"../../../Engine/Content/VREditor/Sounds/UI/Teleport_Mode_Entered.uasset" 200
"../../../Engine/Content/VREditor/Teleport/TeleportDirectionMaterial.uasset" 201
"../../../Engine/Content/VREditor/Teleport/TeleportDirectionMaterial_Inst.uasset" 202
"../../../Engine/Content/VREditor/Teleport/TeleportDirectionMesh.uasset" 203
"../../../Engine/Content/VREditor/TransformGizmo/BoundingBoxCorner.uasset" 204
"../../../Engine/Content/VREditor/TransformGizmo/BoundingBoxEdge.uasset" 205
"../../../Engine/Content/VREditor/TransformGizmo/PlaneTranslationHandle.uasset" 206
"../../../Engine/Content/VREditor/TransformGizmo/Main.uasset" 207
"../../../Engine/Content/VREditor/TransformGizmo/Xray.uasset" 208
"../../../Engine/Content/VREditor/TransformGizmo/SM_Dialog_Close.uasset" 209
"../../../Engine/Content/VREditor/TransformGizmo/SM_Dialog_Move.uasset" 210
"../../../Engine/Content/VREditor/TransformGizmo/SM_Sequencer_Key.uasset" 211
"../../../Engine/Content/VREditor/TransformGizmo/SM_Sequencer_Node.uasset" 212
"../../../Engine/Content/VREditor/TransformGizmo/TransformGizmoMaterial_Inst.uasset" 213
"../../../Engine/Content/VREditor/TransformGizmo/TranslucentTransformGizmoMaterial_Inst.uasset" 214
"../../../Engine/Content/VREditor/Devices/Vive/UE4_Logo.uasset" 215
"../../../Engine/Content/VREditor/UI/M_ContentWindow.uasset" 216
"../../../Engine/Content/VREditor/UI/SM_ContentWindow_01.uasset" 217
"../../../Engine/Content/VREditor/UI/KeyDiskMaterial.uasset" 218
"../../../Engine/Content/VREditor/UI/DiscMaterial.uasset" 219
"../../../Engine/Content/VREditor/UI/SM_Radial_Disk.uasset" 220
"../../../Engine/Content/VREditor/UI/ArrowMaterial.uasset" 221
"../../../Engine/Content/VREditor/UI/SM_Radial_Pointer.uasset" 222
"../../../Engine/Content/Functions/Engine_MaterialFunctions01/Gradient/RadialGradient.uasset" 223
"../../../Engine/Content/VREditor/WorldMovementGrid/SimpleGrid.uasset" 224
"../../../Engine/Content/VREditor/WorldMovementGrid/GridMaterial.uasset" 225
"../../../Engine/Content/Functions/Engine_MaterialFunctions01/Density/ExponentialDensity.uasset" 226
"../../../Engine/Content/VREditor/WorldMovementGrid/GridPostProcess.uasset" 227
"../../../Engine/Content/EditorLandscapeResources/FlattenHeightMat.uasset" 228
"../../../Engine/Content/VREditor/WorldMovementGrid/PlaneMesh.uasset" 229
"../../Plugins/2D/Paper2D/Content/PlaceholderTextures/DummySpriteTexture.uasset" 230
"../../Plugins/2D/Paper2D/Content/DummySprite.uasset" 231
"../../Plugins/2D/Paper2D/Content/DefaultPaperTerrainMaterial.uasset" 232
"../../Plugins/2D/Paper2D/Content/DefaultSpriteMaterial.uasset" 233
"../../Plugins/2D/Paper2D/Content/MaskedUnlitSpriteMaterial.uasset" 234
"../../Plugins/2D/Paper2D/Content/OpaqueUnlitSpriteMaterial.uasset" 235
"../../Plugins/Media/MediaCompositing/Content/DefaultMediaPlaneTexture.uasset" 236
"../../Plugins/Media/MediaCompositing/Content/DefaultMediaPlaneMaterial.uasset" 237
"../../../Engine/Content/Functions/Engine_MaterialFunctions02/Utility/MakeFloat4.uasset" 238
"../../Plugins/Runtime/AppleARKit/Content/ARKitCameraMaterial.uasset" 239
"../../Plugins/Runtime/Oculus/OculusVR/Content/Textures/GearVRController_AO.uasset" 240
"../../Plugins/Runtime/Oculus/OculusVR/Content/Textures/GearVRController_Color.uasset" 241
"../../Plugins/Runtime/Oculus/OculusVR/Content/Textures/GearVRController_Normal.uasset" 242
"../../Plugins/Runtime/Oculus/OculusVR/Content/Materials/GearVRControllerMaterial.uasset" 243
"../../Plugins/Runtime/Oculus/OculusVR/Content/Meshes/GearVrController.uasset" 244
"../../../Engine/Content/EditorBlueprintResources/StandardMacros.uasset" 245
"../../../../../../Projects/rites/Content/SkeletalMeshes/Fighter/AS_Fighter_CastLeft.uasset" 246
"../../../../../../Projects/rites/Content/SkeletalMeshes/Fighter/AS_Fighter_CastRight.uasset" 247
"../../../../../../Projects/rites/Content/SkeletalMeshes/Fighter/AS_Fighter_Fall.uasset" 248
"../../../../../../Projects/rites/Content/SkeletalMeshes/Fighter/AS_Fighter_Idle.uasset" 249
"../../../../../../Projects/rites/Content/SkeletalMeshes/Fighter/AS_Fighter_Jump.uasset" 250
"../../../../../../Projects/rites/Content/SkeletalMeshes/Fighter/AS_Fighter_RunBackwards.uasset" 251
"../../../../../../Projects/rites/Content/SkeletalMeshes/Fighter/AS_Fighter_RunForward.uasset" 252
"../../../../../../Projects/rites/Content/SkeletalMeshes/Fighter/AS_Fighter_RunStrafe.uasset" 253
"../../../../../../Projects/rites/Content/SkeletalMeshes/Fighter/ABP_Fighter.uasset" 254
"../../../../../../Projects/rites/Content/Widgets/Subwidgets/W_ItemHolder.uasset" 255
"../../../../../../Projects/rites/Content/Textures/UI/EmptySocket.uasset" 256
"../../../../../../Projects/rites/Content/Textures/UI/FilledSocket.uasset" 257
"../../../../../../Projects/rites/Content/Widgets/Subwidgets/W_GemHolder.uasset" 258
"../../../../../../Projects/rites/Content/Widgets/Subwidgets/W_GearHolder.uasset" 259
"../../../../../../Projects/rites/Content/Widgets/Menus/W_Inventory.uasset" 260
"../../../../../../Projects/rites/Content/SkeletalMeshes/Fighter/T_FighterBody_BC.uasset" 261
"../../../../../../Projects/rites/Content/SkeletalMeshes/Fighter/M_FighterBody.uasset" 262
"../../../../../../Projects/rites/Content/SkeletalMeshes/Fighter/PA_FighterBody_PhysicsAsset.uasset" 263
"../../../../../../Projects/rites/Content/SkeletalMeshes/Fighter/SK_FighterBody.uasset" 264
"../../../../../../Projects/rites/Content/SkeletalMeshes/Fighter/T_FighterGloveDefault_BC.uasset" 265
"../../../../../../Projects/rites/Content/SkeletalMeshes/Fighter/M_FighterClothing.uasset" 266
"../../../../../../Projects/rites/Content/SkeletalMeshes/Fighter/T_FighterChestDefault_BC.uasset" 267
"../../../../../../Projects/rites/Content/SkeletalMeshes/Fighter/MI_FighterChestDefault.uasset" 268
"../../../../../../Projects/rites/Content/SkeletalMeshes/Fighter/SK_FighterChestDefault.uasset" 269
"../../../../../../Projects/rites/Content/SkeletalMeshes/Fighter/MI_FighterGloveDefault.uasset" 270
"../../../../../../Projects/rites/Content/SkeletalMeshes/Fighter/SK_FighterGloveLeftDefault.uasset" 271
"../../../../../../Projects/rites/Content/SkeletalMeshes/Fighter/SK_FighterGloveRightDefault.uasset" 272
"../../../../../../Projects/rites/Content/SkeletalMeshes/Fighter/T_FighterLeggingsDefault_BC.uasset" 273
"../../../../../../Projects/rites/Content/SkeletalMeshes/Fighter/MI_FighterLeggingsDefault.uasset" 274
"../../../../../../Projects/rites/Content/SkeletalMeshes/Fighter/SK_FighterLeggingsDefault.uasset" 275
"../../../../../../Projects/rites/Content/Blueprints/BP_Fighter.uasset" 276
"../../../../../../Projects/rites/Content/Widgets/HUD/W_HUD.uasset" 277
"../../../../../../Projects/rites/Content/Blueprints/BP_RitesGameInstance.uasset" 278
"../../../../../../Projects/rites/Content/Widgets/Subwidgets/W_SessionInfo.uasset" 279
"../../../../../../Projects/rites/Content/Widgets/Subwidgets/W_SubmenuServers.uasset" 280
"../../../../../../Projects/rites/Content/Widgets/Menus/W_Main.uasset" 281
"../../../../../../Projects/rites/Content/Maps/MP_Main.umap" 282
"../../../Engine/Content/EngineSky/C_Sky_Cloud_Color.uasset" 283
"../../../Engine/Content/EngineSky/C_Sky_Horizon_Color.uasset" 284
"../../../Engine/Content/EngineSky/C_Sky_Zenith_Color.uasset" 285
"../../../Engine/Content/EngineSky/T_Sky_Blue.uasset" 286
"../../../Engine/Content/EngineSky/T_Sky_Clouds_M.uasset" 287
"../../../Engine/Content/EngineSky/T_Sky_Stars.uasset" 288
"../../../Engine/Content/EngineSky/M_Sky_Panning_Clouds2.uasset" 289
"../../../Engine/Content/EngineSky/SM_SkySphere.uasset" 290
"../../../Engine/Content/EngineSky/BP_Sky_Sphere.uasset" 291
"../../../../../../Projects/rites/Content/Blueprints/BP_ArenaGameMode.uasset" 292
"../../../../../../Projects/rites/Content/Textures/Items/Items/Item.uasset" 293
"../../../../../../Projects/rites/Content/Blueprints/BP_Item.uasset" 294
"../../../Engine/Content/Functions/Engine_MaterialFunctions01/Gradient/RadialGradientExponential.uasset" 295
"../../../../../../Projects/rites/Content/Particles/Drops/Default/M_DefaultDrop.uasset" 296
"../../../../../../Projects/rites/Content/Particles/Drops/Default/PS_DefaultDrop.uasset" 297
"../../../../../../Projects/rites/Content/StaticMeshes/Drops/Sack/SM_Sack.uasset" 298
"../../../../../../Projects/rites/Content/Blueprints/BP_Drop.uasset" 299
"../../../../../../Projects/rites/Content/Textures/Items/Gear/Head.uasset" 300
"../../../../../../Projects/rites/Content/Blueprints/BP_Gear.uasset" 301
"../../../../../../Projects/rites/Content/Textures/Items/Gear/Glove.uasset" 302
"../../../../../../Projects/rites/Content/Blueprints/Items/Gear/BP_GearAdvancedGlove.uasset" 303
"../../../../../../Projects/rites/Content/Blueprints/Drops/Gear/BP_DropAdvancedGlove.uasset" 304
"../../../../../../Projects/rites/Content/Textures/Items/Gear/Chest.uasset" 305
"../../../../../../Projects/rites/Content/Blueprints/Items/Gear/BP_GearBasicChest.uasset" 306
"../../../../../../Projects/rites/Content/Blueprints/Drops/Gear/BP_DropBasicChest.uasset" 307
"../../../../../../Projects/rites/Content/Blueprints/Items/Gear/BP_GearBasicGlove.uasset" 308
"../../../../../../Projects/rites/Content/Blueprints/Drops/Gear/BP_DropBasicGlove.uasset" 309
"../../../../../../Projects/rites/Content/Textures/Items/Gear/Legs.uasset" 310
"../../../../../../Projects/rites/Content/Blueprints/Items/Gear/BP_GearBasicLegs.uasset" 311
"../../../../../../Projects/rites/Content/Blueprints/Drops/Gear/BP_DropBasicLegs.uasset" 312
"../../../../../../Projects/rites/Content/Textures/Items/Gems/Gem.uasset" 313
"../../../../../../Projects/rites/Content/Blueprints/BP_Gem.uasset" 314
"../../../../../../Projects/rites/Content/Blueprints/Items/Gems/BP_GemInvisibility.uasset" 315
"../../../../../../Projects/rites/Content/StaticMeshes/Drops/Gem/SM_Gem.uasset" 316
"../../../../../../Projects/rites/Content/Blueprints/Drops/Gems/BP_DropInvisibility.uasset" 317
"../../../../../../Projects/rites/Content/Particles/Abilities/Shard/M_ShardImpact.uasset" 318
"../../../../../../Projects/rites/Content/Particles/Abilities/Shard/PS_ShardImpact.uasset" 319
"../../../../../../Projects/rites/Content/Materials/M_BasicColor.uasset" 320
"../../../../../../Projects/rites/Content/StaticMeshes/Abilities/Shard/MI_Shard.uasset" 321
"../../../../../../Projects/rites/Content/StaticMeshes/Abilities/Shard/SM_Shard.uasset" 322
"../../../../../../Projects/rites/Content/Blueprints/Abilities/BP_Shard.uasset" 323
"../../../../../../Projects/rites/Content/Blueprints/Items/Gems/BP_GemShard.uasset" 324
"../../../../../../Projects/rites/Content/Blueprints/Drops/Gems/BP_DropShard.uasset" 325
"../../../../../../Projects/rites/Content/Blueprints/Items/Gems/BP_GemSprint.uasset" 326
"../../../../../../Projects/rites/Content/Blueprints/Drops/Gems/BP_DropSprint.uasset" 327
"../../../Engine/Content/BasicShapes/BasicShapeMaterial.uasset" 328
"../../../../../../Projects/rites/Content/Materials/Terrain/M_Surface.uasset" 329
"../../../../../../Projects/rites/Content/Textures/Terrain/Terrain_Grass_BC.uasset" 330
"../../../../../../Projects/rites/Content/Materials/Terrain/MI_Grass.uasset" 331
"../../../../../../Projects/rites/Content/Textures/Terrain/Terrain_Sand_BC.uasset" 332
"../../../../../../Projects/rites/Content/Materials/Terrain/MI_Sand.uasset" 333
"../../../Engine/Content/BasicShapes/Cube.uasset" 334
"../../../Engine/Content/BasicShapes/Cylinder.uasset" 335
"../../../Engine/Content/BasicShapes/Sphere.uasset" 336
"../../../Engine/Content/MapTemplates/SM_Template_Map_Floor.uasset" 337
"../../../../../../Projects/rites/Content/Maps/MP_Test.umap" 338
"../../../Engine/Content/Maps/Entry.umap" 339
